[debug] [2023-12-13T23:10:29.152Z] ----------------------------------------------------------------------
[debug] [2023-12-13T23:10:29.153Z] Command:       C:\Program Files\nodejs\node.exe C:\Program Files\nodejs\node_modules\firebase-tools\lib\bin\firebase.js init
[debug] [2023-12-13T23:10:29.153Z] CLI Version:   13.0.1
[debug] [2023-12-13T23:10:29.154Z] Platform:      win32
[debug] [2023-12-13T23:10:29.154Z] Node Version:  v18.18.0
[debug] [2023-12-13T23:10:29.156Z] Time:          Thu Dec 14 2023 00:10:29 GMT+0100 (hora estándar de Europa central)
[debug] [2023-12-13T23:10:29.156Z] ----------------------------------------------------------------------
[debug] 
[debug] [2023-12-13T23:10:29.160Z] >>> [apiv2][query] GET https://firebase-public.firebaseio.com/cli.json [none]
[debug] [2023-12-13T23:10:29.201Z] > command requires scopes: ["email","openid","https://www.googleapis.com/auth/cloudplatformprojects.readonly","https://www.googleapis.com/auth/firebase","https://www.googleapis.com/auth/cloud-platform"]
[debug] [2023-12-13T23:10:29.201Z] > authorizing via signed-in user (jmalcarazp@gmail.com)
[info] 
     ######## #### ########  ######## ########     ###     ######  ########
     ##        ##  ##     ## ##       ##     ##  ##   ##  ##       ##
     ######    ##  ########  ######   ########  #########  ######  ######
     ##        ##  ##    ##  ##       ##     ## ##     ##       ## ##
     ##       #### ##     ## ######## ########  ##     ##  ######  ########

You're about to initialize a Firebase project in this directory:

  D:\GitHub\Portafolio\portafolio

[debug] [2023-12-13T23:10:29.513Z] <<< [apiv2][status] GET https://firebase-public.firebaseio.com/cli.json 200
[debug] [2023-12-13T23:10:29.514Z] <<< [apiv2][body] GET https://firebase-public.firebaseio.com/cli.json {"cloudBuildErrorAfter":1594252800000,"cloudBuildWarnAfter":1590019200000,"defaultNode10After":1594252800000,"minVersion":"3.0.5","node8DeploysDisabledAfter":1613390400000,"node8RuntimeDisabledAfter":1615809600000,"node8WarnAfter":1600128000000}
[info] 
=== Project Setup
[info] 
[info] First, let's associate this project directory with a Firebase project.
[info] You can create multiple project aliases by running firebase use --add, 
[info] but for now we'll just set up a default project.
[info] 
[debug] [2023-12-13T23:11:05.704Z] > refreshing access token with scopes: []
[debug] [2023-12-13T23:11:05.705Z] >>> [apiv2][query] POST https://www.googleapis.com/oauth2/v3/token [none]
[debug] [2023-12-13T23:11:05.705Z] >>> [apiv2][body] POST https://www.googleapis.com/oauth2/v3/token [omitted]
[debug] [2023-12-13T23:11:05.838Z] <<< [apiv2][status] POST https://www.googleapis.com/oauth2/v3/token 200
[debug] [2023-12-13T23:11:05.838Z] <<< [apiv2][body] POST https://www.googleapis.com/oauth2/v3/token [omitted]
[debug] [2023-12-13T23:11:05.851Z] >>> [apiv2][query] GET https://firebase.googleapis.com/v1beta1/projects pageSize=100
[debug] [2023-12-13T23:11:06.285Z] <<< [apiv2][status] GET https://firebase.googleapis.com/v1beta1/projects 200
[debug] [2023-12-13T23:11:06.286Z] <<< [apiv2][body] GET https://firebase.googleapis.com/v1beta1/projects [omitted]
[info] i  Using project portafolio-25b46 (Portafolio) 
[info] 
=== Hosting Setup
[debug] [2023-12-13T23:11:08.889Z] >>> [apiv2][query] GET https://firebase.googleapis.com/v1beta1/projects/portafolio-25b46 [none]
[debug] [2023-12-13T23:11:09.142Z] <<< [apiv2][status] GET https://firebase.googleapis.com/v1beta1/projects/portafolio-25b46 200
[debug] [2023-12-13T23:11:09.142Z] <<< [apiv2][body] GET https://firebase.googleapis.com/v1beta1/projects/portafolio-25b46 {"projectId":"portafolio-25b46","projectNumber":"51985598520","displayName":"Portafolio","name":"projects/portafolio-25b46","resources":{"hostingSite":"portafolio-25b46","realtimeDatabaseInstance":"portafolio-25b46-default-rtdb"},"state":"ACTIVE","etag":"1_a97fd1e5-2d20-4fc0-acca-71c27db828cb"}
[info] 
[info] Your public directory is the folder (relative to your project directory) that
[info] will contain Hosting assets to be uploaded with firebase deploy. If you
[info] have a build process for your assets, use your build's output directory.
[info] 
[debug] [2023-12-13T23:11:33.694Z] >>> [apiv2][query] GET https://www.gstatic.com/firebasejs/releases.json [none]
[debug] [2023-12-13T23:11:33.787Z] <<< [apiv2][status] GET https://www.gstatic.com/firebasejs/releases.json 200
[debug] [2023-12-13T23:11:33.787Z] <<< [apiv2][body] GET https://www.gstatic.com/firebasejs/releases.json {"current":{"version":"10.7.1","browserURL":"https://www.gstatic.com/firebasejs/10.7.1/firebase.js","packageURL":"https://www.gstatic.com/firebasejs/10.7.1/firebase.tgz"},"live":{"version":"10.7","browserURL":"https://www.gstatic.com/firebasejs/live/10.7/firebase.js","packageURL":"https://www.gstatic.com/firebasejs/live/10.7/firebase.tgz"},"components":{"analytics":"https://www.gstatic.com/firebasejs/10.7.1/firebase-analytics.js","app":"https://www.gstatic.com/firebasejs/10.7.1/firebase-app.js","app-check":"https://www.gstatic.com/firebasejs/10.7.1/firebase-app-check.js","auth":"https://www.gstatic.com/firebasejs/10.7.1/firebase-auth.js","auth/cordova":"https://www.gstatic.com/firebasejs/10.7.1/firebase-auth/cordova.js","functions":"https://www.gstatic.com/firebasejs/10.7.1/firebase-functions.js","firestore":"https://www.gstatic.com/firebasejs/10.7.1/firebase-firestore.js","firestore/lite":"https://www.gstatic.com/firebasejs/10.7.1/firebase-firestore/lite.js","installations":"https://www.gstatic.com/firebasejs/10.7.1/firebase-installations.js","storage":"https://www.gstatic.com/firebasejs/10.7.1/firebase-storage.js","performance":"https://www.gstatic.com/firebasejs/10.7.1/firebase-performance.js","remote-config":"https://www.gstatic.com/firebasejs/10.7.1/firebase-remote-config.js","messaging":"https://www.gstatic.com/firebasejs/10.7.1/firebase-messaging.js","messaging/sw":"https://www.gstatic.com/firebasejs/10.7.1/firebase-messaging/sw.js","database":"https://www.gstatic.com/firebasejs/10.7.1/firebase-database.js","firestore.memory":"https://www.gstatic.com/firebasejs/10.7.1/firebase-firestore.memory.js"}}
[info] i  Skipping write of public/index.html 
[info] 
[info] i  Detected a .git folder at D:\GitHub\Portafolio 
[info] i  Authorizing with GitHub to upload your service account to a GitHub repository's secrets store. 
[info] 
[info] Visit this URL on this device to log in:
[info] https://github.com/login/oauth/authorize?client_id=89cf50f02ac6aaed3484&state=112898343&redirect_uri=http%3A%2F%2Flocalhost%3A9005&scope=read%3Auser%20repo%20public_repo
[info] 
[info] Waiting for authentication...
[debug] [2023-12-13T23:11:39.753Z] >>> [apiv2][query] POST https://github.com/login/oauth/access_token [none]
[debug] [2023-12-13T23:11:39.754Z] >>> [apiv2][body] POST https://github.com/login/oauth/access_token [stream]
[debug] [2023-12-13T23:11:40.053Z] <<< [apiv2][status] POST https://github.com/login/oauth/access_token 200
[debug] [2023-12-13T23:11:40.053Z] <<< [apiv2][body] POST https://github.com/login/oauth/access_token {"access_token":"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","token_type":"bearer","scope":"read:user,repo"}
[debug] [2023-12-13T23:11:40.060Z] >>> [apiv2][query] GET https://api.github.com/user [none]
[debug] [2023-12-13T23:11:40.351Z] <<< [apiv2][status] GET https://api.github.com/user 200
[debug] [2023-12-13T23:11:40.351Z] <<< [apiv2][body] GET https://api.github.com/user {"login":"JoseMalpe","id":146490336,"node_id":"U_kgDOCLtD4A","avatar_url":"https://avatars.githubusercontent.com/u/146490336?v=4","gravatar_id":"","url":"https://api.github.com/users/JoseMalpe","html_url":"https://github.com/JoseMalpe","followers_url":"https://api.github.com/users/JoseMalpe/followers","following_url":"https://api.github.com/users/JoseMalpe/following{/other_user}","gists_url":"https://api.github.com/users/JoseMalpe/gists{/gist_id}","starred_url":"https://api.github.com/users/JoseMalpe/starred{/owner}{/repo}","subscriptions_url":"https://api.github.com/users/JoseMalpe/subscriptions","organizations_url":"https://api.github.com/users/JoseMalpe/orgs","repos_url":"https://api.github.com/users/JoseMalpe/repos","events_url":"https://api.github.com/users/JoseMalpe/events{/privacy}","received_events_url":"https://api.github.com/users/JoseMalpe/received_events","type":"User","site_admin":false,"name":null,"company":null,"blog":"","location":null,"email":null,"hireable":null,"bio":null,"twitter_username":null,"public_repos":1,"public_gists":0,"followers":0,"following":0,"created_at":"2023-09-29T21:35:13Z","updated_at":"2023-12-09T17:47:19Z","private_gists":0,"total_private_repos":1,"owned_private_repos":1,"disk_usage":8094,"collaborators":0,"two_factor_authentication":false,"plan":{"name":"free","space":976562499,"collaborators":0,"private_repos":10000}}
[info] 
[info] +  Success! Logged into GitHub as JoseMalpe 
[info] 
